CRITICAL - 2022-11-21 07:49:36 --> Array and string offset access syntax with curly braces is deprecated
#0 C:\_JOBS\UAI-ingressos\dev\mrlab_ci4\mrlab_system\Common.php(734): CodeIgniter\Debug\Exceptions->errorHandler(8192, 'Array and strin...', 'C:\\_JOBS\\UAI-in...', 235, Array)
#1 C:\_JOBS\UAI-ingressos\dev\mrlab_ci4\mrlab_system\Common.php(734): include_once()
#2 C:\_JOBS\UAI-ingressos\dev\mrlab_ci4\mrlab_system\Controller.php(92): helper(Array)
#3 C:\_JOBS\UAI-ingressos\dev\mrlab_ci4\mrlab_app\Controllers\BaseController.php(54): CodeIgniter\Controller->initController(Object(CodeIgniter\HTTP\IncomingRequest), Object(CodeIgniter\HTTP\Response), Object(CodeIgniter\Log\Logger))
#4 C:\_JOBS\UAI-ingressos\dev\mrlab_ci4\mrlab_app\Controllers\Home.php(28): App\Controllers\BaseController->initController(Object(CodeIgniter\HTTP\IncomingRequest), Object(CodeIgniter\HTTP\Response), Object(CodeIgniter\Log\Logger))
#5 C:\_JOBS\UAI-ingressos\dev\mrlab_ci4\mrlab_system\CodeIgniter.php(901): App\Controllers\Home->initController(Object(CodeIgniter\HTTP\IncomingRequest), Object(CodeIgniter\HTTP\Response), Object(CodeIgniter\Log\Logger))
#6 C:\_JOBS\UAI-ingressos\dev\mrlab_ci4\mrlab_system\CodeIgniter.php(426): CodeIgniter\CodeIgniter->createController()
#7 C:\_JOBS\UAI-ingressos\dev\mrlab_ci4\mrlab_system\CodeIgniter.php(336): CodeIgniter\CodeIgniter->handleRequest(NULL, Object(Config\Cache), false)
#8 C:\_JOBS\UAI-ingressos\dev\index.php(37): CodeIgniter\CodeIgniter->run()
#9 {main}
CRITICAL - 2022-11-21 07:50:31 --> Array and string offset access syntax with curly braces is deprecated
#0 C:\_JOBS\UAI-ingressos\dev\mrlab_ci4\mrlab_system\Common.php(734): CodeIgniter\Debug\Exceptions->errorHandler(8192, 'Array and strin...', 'C:\\_JOBS\\UAI-in...', 235, Array)
#1 C:\_JOBS\UAI-ingressos\dev\mrlab_ci4\mrlab_system\Common.php(734): include_once()
#2 C:\_JOBS\UAI-ingressos\dev\mrlab_ci4\mrlab_system\Controller.php(92): helper(Array)
#3 C:\_JOBS\UAI-ingressos\dev\mrlab_ci4\mrlab_app\Controllers\BaseController.php(54): CodeIgniter\Controller->initController(Object(CodeIgniter\HTTP\IncomingRequest), Object(CodeIgniter\HTTP\Response), Object(CodeIgniter\Log\Logger))
#4 C:\_JOBS\UAI-ingressos\dev\mrlab_ci4\mrlab_app\Controllers\Home.php(28): App\Controllers\BaseController->initController(Object(CodeIgniter\HTTP\IncomingRequest), Object(CodeIgniter\HTTP\Response), Object(CodeIgniter\Log\Logger))
#5 C:\_JOBS\UAI-ingressos\dev\mrlab_ci4\mrlab_system\CodeIgniter.php(901): App\Controllers\Home->initController(Object(CodeIgniter\HTTP\IncomingRequest), Object(CodeIgniter\HTTP\Response), Object(CodeIgniter\Log\Logger))
#6 C:\_JOBS\UAI-ingressos\dev\mrlab_ci4\mrlab_system\CodeIgniter.php(426): CodeIgniter\CodeIgniter->createController()
#7 C:\_JOBS\UAI-ingressos\dev\mrlab_ci4\mrlab_system\CodeIgniter.php(336): CodeIgniter\CodeIgniter->handleRequest(NULL, Object(Config\Cache), false)
#8 C:\_JOBS\UAI-ingressos\dev\index.php(37): CodeIgniter\CodeIgniter->run()
#9 {main}
CRITICAL - 2022-11-21 07:52:57 --> Array and string offset access syntax with curly braces is deprecated
#0 C:\_JOBS\UAI-ingressos\dev\mrlab_ci4\mrlab_system\Common.php(734): CodeIgniter\Debug\Exceptions->errorHandler(8192, 'Array and strin...', 'C:\\_JOBS\\UAI-in...', 235, Array)
#1 C:\_JOBS\UAI-ingressos\dev\mrlab_ci4\mrlab_system\Common.php(734): include_once()
#2 C:\_JOBS\UAI-ingressos\dev\mrlab_ci4\mrlab_system\Controller.php(92): helper(Array)
#3 C:\_JOBS\UAI-ingressos\dev\mrlab_ci4\mrlab_app\Controllers\BaseController.php(54): CodeIgniter\Controller->initController(Object(CodeIgniter\HTTP\IncomingRequest), Object(CodeIgniter\HTTP\Response), Object(CodeIgniter\Log\Logger))
#4 C:\_JOBS\UAI-ingressos\dev\mrlab_ci4\mrlab_app\Controllers\Home.php(28): App\Controllers\BaseController->initController(Object(CodeIgniter\HTTP\IncomingRequest), Object(CodeIgniter\HTTP\Response), Object(CodeIgniter\Log\Logger))
#5 C:\_JOBS\UAI-ingressos\dev\mrlab_ci4\mrlab_system\CodeIgniter.php(901): App\Controllers\Home->initController(Object(CodeIgniter\HTTP\IncomingRequest), Object(CodeIgniter\HTTP\Response), Object(CodeIgniter\Log\Logger))
#6 C:\_JOBS\UAI-ingressos\dev\mrlab_ci4\mrlab_system\CodeIgniter.php(426): CodeIgniter\CodeIgniter->createController()
#7 C:\_JOBS\UAI-ingressos\dev\mrlab_ci4\mrlab_system\CodeIgniter.php(336): CodeIgniter\CodeIgniter->handleRequest(NULL, Object(Config\Cache), false)
#8 C:\_JOBS\UAI-ingressos\dev\index.php(37): CodeIgniter\CodeIgniter->run()
#9 {main}
CRITICAL - 2022-11-21 07:52:58 --> Array and string offset access syntax with curly braces is deprecated
#0 C:\_JOBS\UAI-ingressos\dev\mrlab_ci4\mrlab_system\Common.php(734): CodeIgniter\Debug\Exceptions->errorHandler(8192, 'Array and strin...', 'C:\\_JOBS\\UAI-in...', 235, Array)
#1 C:\_JOBS\UAI-ingressos\dev\mrlab_ci4\mrlab_system\Common.php(734): include_once()
#2 C:\_JOBS\UAI-ingressos\dev\mrlab_ci4\mrlab_system\Controller.php(92): helper(Array)
#3 C:\_JOBS\UAI-ingressos\dev\mrlab_ci4\mrlab_app\Controllers\BaseController.php(54): CodeIgniter\Controller->initController(Object(CodeIgniter\HTTP\IncomingRequest), Object(CodeIgniter\HTTP\Response), Object(CodeIgniter\Log\Logger))
#4 C:\_JOBS\UAI-ingressos\dev\mrlab_ci4\mrlab_app\Controllers\Home.php(28): App\Controllers\BaseController->initController(Object(CodeIgniter\HTTP\IncomingRequest), Object(CodeIgniter\HTTP\Response), Object(CodeIgniter\Log\Logger))
#5 C:\_JOBS\UAI-ingressos\dev\mrlab_ci4\mrlab_system\CodeIgniter.php(901): App\Controllers\Home->initController(Object(CodeIgniter\HTTP\IncomingRequest), Object(CodeIgniter\HTTP\Response), Object(CodeIgniter\Log\Logger))
#6 C:\_JOBS\UAI-ingressos\dev\mrlab_ci4\mrlab_system\CodeIgniter.php(426): CodeIgniter\CodeIgniter->createController()
#7 C:\_JOBS\UAI-ingressos\dev\mrlab_ci4\mrlab_system\CodeIgniter.php(336): CodeIgniter\CodeIgniter->handleRequest(NULL, Object(Config\Cache), false)
#8 C:\_JOBS\UAI-ingressos\dev\index.php(37): CodeIgniter\CodeIgniter->run()
#9 {main}
CRITICAL - 2022-11-21 07:52:58 --> Array and string offset access syntax with curly braces is deprecated
#0 C:\_JOBS\UAI-ingressos\dev\mrlab_ci4\mrlab_system\Common.php(734): CodeIgniter\Debug\Exceptions->errorHandler(8192, 'Array and strin...', 'C:\\_JOBS\\UAI-in...', 235, Array)
#1 C:\_JOBS\UAI-ingressos\dev\mrlab_ci4\mrlab_system\Common.php(734): include_once()
#2 C:\_JOBS\UAI-ingressos\dev\mrlab_ci4\mrlab_system\Controller.php(92): helper(Array)
#3 C:\_JOBS\UAI-ingressos\dev\mrlab_ci4\mrlab_app\Controllers\BaseController.php(54): CodeIgniter\Controller->initController(Object(CodeIgniter\HTTP\IncomingRequest), Object(CodeIgniter\HTTP\Response), Object(CodeIgniter\Log\Logger))
#4 C:\_JOBS\UAI-ingressos\dev\mrlab_ci4\mrlab_app\Controllers\Home.php(28): App\Controllers\BaseController->initController(Object(CodeIgniter\HTTP\IncomingRequest), Object(CodeIgniter\HTTP\Response), Object(CodeIgniter\Log\Logger))
#5 C:\_JOBS\UAI-ingressos\dev\mrlab_ci4\mrlab_system\CodeIgniter.php(901): App\Controllers\Home->initController(Object(CodeIgniter\HTTP\IncomingRequest), Object(CodeIgniter\HTTP\Response), Object(CodeIgniter\Log\Logger))
#6 C:\_JOBS\UAI-ingressos\dev\mrlab_ci4\mrlab_system\CodeIgniter.php(426): CodeIgniter\CodeIgniter->createController()
#7 C:\_JOBS\UAI-ingressos\dev\mrlab_ci4\mrlab_system\CodeIgniter.php(336): CodeIgniter\CodeIgniter->handleRequest(NULL, Object(Config\Cache), false)
#8 C:\_JOBS\UAI-ingressos\dev\index.php(37): CodeIgniter\CodeIgniter->run()
#9 {main}
CRITICAL - 2022-11-21 19:29:16 --> Invalid file: minha_conta.php
#0 C:\_JOBS\UAI-ingressos\dev\mrlab_ci4\mrlab_system\View\View.php(213): CodeIgniter\Exceptions\FrameworkException::forInvalidFile('minha_conta.php')
#1 C:\_JOBS\UAI-ingressos\dev\mrlab_ci4\mrlab_system\Common.php(1271): CodeIgniter\View\View->render('minha_conta', Array, true)
#2 C:\_JOBS\UAI-ingressos\dev\mrlab_ci4\mrlab_app\Controllers\Home.php(370): view('minha_conta', Array)
#3 C:\_JOBS\UAI-ingressos\dev\mrlab_ci4\mrlab_system\CodeIgniter.php(928): App\Controllers\Home->minha_conta()
#4 C:\_JOBS\UAI-ingressos\dev\mrlab_ci4\mrlab_system\CodeIgniter.php(436): CodeIgniter\CodeIgniter->runController(Object(App\Controllers\Home))
#5 C:\_JOBS\UAI-ingressos\dev\mrlab_ci4\mrlab_system\CodeIgniter.php(336): CodeIgniter\CodeIgniter->handleRequest(NULL, Object(Config\Cache), false)
#6 C:\_JOBS\UAI-ingressos\dev\index.php(37): CodeIgniter\CodeIgniter->run()
#7 {main}
CRITICAL - 2022-11-21 19:45:16 --> Invalid file: index-noticias.php
#0 C:\_JOBS\UAI-ingressos\dev\mrlab_ci4\mrlab_system\View\View.php(213): CodeIgniter\Exceptions\FrameworkException::forInvalidFile('index-noticias....')
#1 C:\_JOBS\UAI-ingressos\dev\mrlab_ci4\mrlab_system\Common.php(1271): CodeIgniter\View\View->render('index-noticias', Array, true)
#2 C:\_JOBS\UAI-ingressos\dev\mrlab_ci4\mrlab_app\Controllers\Noticias.php(43): view('index-noticias', Array)
#3 C:\_JOBS\UAI-ingressos\dev\mrlab_ci4\mrlab_system\CodeIgniter.php(928): App\Controllers\Noticias->index()
#4 C:\_JOBS\UAI-ingressos\dev\mrlab_ci4\mrlab_system\CodeIgniter.php(436): CodeIgniter\CodeIgniter->runController(Object(App\Controllers\Noticias))
#5 C:\_JOBS\UAI-ingressos\dev\mrlab_ci4\mrlab_system\CodeIgniter.php(336): CodeIgniter\CodeIgniter->handleRequest(NULL, Object(Config\Cache), false)
#6 C:\_JOBS\UAI-ingressos\dev\index.php(37): CodeIgniter\CodeIgniter->run()
#7 {main}
