CRITICAL - 2022-11-23 12:20:03 --> The framework needs the following extension(s) installed and loaded: intl.
#0 C:\xampp\htdocs\dev\mrlab_ci4\mrlab_system\CodeIgniter.php(228): CodeIgniter\Exceptions\FrameworkException::forMissingExtension('intl')
#1 C:\xampp\htdocs\dev\mrlab_ci4\mrlab_system\CodeIgniter.php(180): CodeIgniter\CodeIgniter->resolvePlatformExtensions()
#2 C:\xampp\htdocs\dev\mrlab_ci4\mrlab_system\bootstrap.php(157): CodeIgniter\CodeIgniter->initialize()
#3 C:\xampp\htdocs\dev\index.php(28): require('C:\\xampp\\htdocs...')
#4 {main}
CRITICAL - 2022-11-23 12:21:06 --> The framework needs the following extension(s) installed and loaded: intl.
#0 C:\xampp\htdocs\UAI-ingressos\dev\mrlab_ci4\mrlab_system\CodeIgniter.php(228): CodeIgniter\Exceptions\FrameworkException::forMissingExtension('intl')
#1 C:\xampp\htdocs\UAI-ingressos\dev\mrlab_ci4\mrlab_system\CodeIgniter.php(180): CodeIgniter\CodeIgniter->resolvePlatformExtensions()
#2 C:\xampp\htdocs\UAI-ingressos\dev\mrlab_ci4\mrlab_system\bootstrap.php(157): CodeIgniter\CodeIgniter->initialize()
#3 C:\xampp\htdocs\UAI-ingressos\dev\index.php(28): require('C:\\xampp\\htdocs...')
#4 {main}
CRITICAL - 2022-11-23 12:35:07 --> The framework needs the following extension(s) installed and loaded: intl.
#0 C:\xampp\htdocs\UAI-ingressos\dev\mrlab_ci4\mrlab_system\CodeIgniter.php(228): CodeIgniter\Exceptions\FrameworkException::forMissingExtension('intl')
#1 C:\xampp\htdocs\UAI-ingressos\dev\mrlab_ci4\mrlab_system\CodeIgniter.php(180): CodeIgniter\CodeIgniter->resolvePlatformExtensions()
#2 C:\xampp\htdocs\UAI-ingressos\dev\mrlab_ci4\mrlab_system\bootstrap.php(157): CodeIgniter\CodeIgniter->initialize()
#3 C:\xampp\htdocs\UAI-ingressos\dev\index.php(28): require('C:\\xampp\\htdocs...')
#4 {main}
CRITICAL - 2022-11-23 12:35:07 --> Uncaught ErrorException: strtolower(): Passing null to parameter #1 ($string) of type string is deprecated in C:\xampp\htdocs\UAI-ingressos\dev\mrlab_ci4\mrlab_system\Validation\FormatRules.php:314
Stack trace:
#0 [internal function]: CodeIgniter\Debug\Exceptions->errorHandler(8192, 'strtolower(): P...', 'C:\\xampp\\htdocs...', 314)
#1 C:\xampp\htdocs\UAI-ingressos\dev\mrlab_ci4\mrlab_system\Validation\FormatRules.php(314): strtolower(NULL)
#2 C:\xampp\htdocs\UAI-ingressos\dev\mrlab_ci4\mrlab_system\HTTP\RequestTrait.php(174): CodeIgniter\Validation\FormatRules->valid_ip('::1')
#3 C:\xampp\htdocs\UAI-ingressos\dev\mrlab_ci4\mrlab_views\errors\html\error_exception.php(209): CodeIgniter\HTTP\Request->getIPAddress()
#4 C:\xampp\htdocs\UAI-ingressos\dev\mrlab_ci4\mrlab_system\Debug\Exceptions.php(278): include('C:\\xampp\\htdocs...')
#5 C:\xampp\htdocs\UAI-ingressos\dev\mrlab_ci4\mrlab_system\Debug\Exceptions.php(147): CodeIgniter\Debug\Exceptions->render(Object(CodeIgniter\Exceptions\FrameworkException), 500)
#6 [internal function]: CodeIgniter\Debug\Exceptions->exceptionHandler(Object(CodeIgniter\Exceptions\FrameworkException))
#7 {main}
  thrown
#0 [internal function]: CodeIgniter\Debug\Exceptions->shutdownHandler()
#1 {main}
CRITICAL - 2022-11-23 05:37:18 --> Constant FILTER_SANITIZE_STRING is deprecated
#0 C:\xampp\htdocs\UAI-ingressos\dev\mrlab_ci4\mrlab_system\Router\RouteCollection.php(1368): CodeIgniter\Debug\Exceptions->errorHandler(8192, 'Constant FILTER...', 'C:\\xampp\\htdocs...', 1368)
#1 C:\xampp\htdocs\UAI-ingressos\dev\mrlab_ci4\mrlab_system\Router\RouteCollection.php(628): CodeIgniter\Router\RouteCollection->create('*', 'BaseController(...', Object(Closure), NULL)
#2 C:\xampp\htdocs\UAI-ingressos\dev\mrlab_ci4\mrlab_system\Config\Routes.php(27): CodeIgniter\Router\RouteCollection->add('BaseController(...', Object(Closure))
#3 C:\xampp\htdocs\UAI-ingressos\dev\mrlab_ci4\mrlab_app\Config\Routes.php(12): require('C:\\xampp\\htdocs...')
#4 C:\xampp\htdocs\UAI-ingressos\dev\mrlab_ci4\mrlab_system\CodeIgniter.php(796): require('C:\\xampp\\htdocs...')
#5 C:\xampp\htdocs\UAI-ingressos\dev\mrlab_ci4\mrlab_system\CodeIgniter.php(389): CodeIgniter\CodeIgniter->tryToRouteIt(Object(CodeIgniter\Router\RouteCollection))
#6 C:\xampp\htdocs\UAI-ingressos\dev\mrlab_ci4\mrlab_system\CodeIgniter.php(336): CodeIgniter\CodeIgniter->handleRequest(NULL, Object(Config\Cache), false)
#7 C:\xampp\htdocs\UAI-ingressos\dev\index.php(37): CodeIgniter\CodeIgniter->run()
#8 {main}
CRITICAL - 2022-11-23 05:37:18 --> Uncaught ErrorException: Cannot modify header information - headers already sent by (output started at C:\xampp\htdocs\UAI-ingressos\dev\mrlab_ci4\mrlab_app\Config\Events.php:37) in C:\xampp\htdocs\UAI-ingressos\dev\mrlab_ci4\mrlab_system\Debug\Exceptions.php:137
Stack trace:
#0 [internal function]: CodeIgniter\Debug\Exceptions->errorHandler(2, 'Cannot modify h...', 'C:\\xampp\\htdocs...', 137)
#1 C:\xampp\htdocs\UAI-ingressos\dev\mrlab_ci4\mrlab_system\Debug\Exceptions.php(137): header('HTTP/1.1 500 In...', true, 500)
#2 [internal function]: CodeIgniter\Debug\Exceptions->exceptionHandler(Object(ErrorException))
#3 {main}
  thrown
#0 [internal function]: CodeIgniter\Debug\Exceptions->shutdownHandler()
#1 {main}
CRITICAL - 2022-11-23 05:37:35 --> Constant FILTER_SANITIZE_STRING is deprecated
#0 C:\xampp\htdocs\UAI-ingressos\dev\mrlab_ci4\mrlab_system\Router\RouteCollection.php(1368): CodeIgniter\Debug\Exceptions->errorHandler(8192, 'Constant FILTER...', 'C:\\xampp\\htdocs...', 1368)
#1 C:\xampp\htdocs\UAI-ingressos\dev\mrlab_ci4\mrlab_system\Router\RouteCollection.php(628): CodeIgniter\Router\RouteCollection->create('*', 'BaseController(...', Object(Closure), NULL)
#2 C:\xampp\htdocs\UAI-ingressos\dev\mrlab_ci4\mrlab_system\Config\Routes.php(27): CodeIgniter\Router\RouteCollection->add('BaseController(...', Object(Closure))
#3 C:\xampp\htdocs\UAI-ingressos\dev\mrlab_ci4\mrlab_app\Config\Routes.php(12): require('C:\\xampp\\htdocs...')
#4 C:\xampp\htdocs\UAI-ingressos\dev\mrlab_ci4\mrlab_system\CodeIgniter.php(796): require('C:\\xampp\\htdocs...')
#5 C:\xampp\htdocs\UAI-ingressos\dev\mrlab_ci4\mrlab_system\CodeIgniter.php(389): CodeIgniter\CodeIgniter->tryToRouteIt(Object(CodeIgniter\Router\RouteCollection))
#6 C:\xampp\htdocs\UAI-ingressos\dev\mrlab_ci4\mrlab_system\CodeIgniter.php(336): CodeIgniter\CodeIgniter->handleRequest(NULL, Object(Config\Cache), false)
#7 C:\xampp\htdocs\UAI-ingressos\dev\index.php(37): CodeIgniter\CodeIgniter->run()
#8 {main}
CRITICAL - 2022-11-23 05:37:35 --> Uncaught ErrorException: Cannot modify header information - headers already sent by (output started at C:\xampp\htdocs\UAI-ingressos\dev\mrlab_ci4\mrlab_app\Config\Events.php:37) in C:\xampp\htdocs\UAI-ingressos\dev\mrlab_ci4\mrlab_system\Debug\Exceptions.php:137
Stack trace:
#0 [internal function]: CodeIgniter\Debug\Exceptions->errorHandler(2, 'Cannot modify h...', 'C:\\xampp\\htdocs...', 137)
#1 C:\xampp\htdocs\UAI-ingressos\dev\mrlab_ci4\mrlab_system\Debug\Exceptions.php(137): header('HTTP/1.1 500 In...', true, 500)
#2 [internal function]: CodeIgniter\Debug\Exceptions->exceptionHandler(Object(ErrorException))
#3 {main}
  thrown
#0 [internal function]: CodeIgniter\Debug\Exceptions->shutdownHandler()
#1 {main}
